<?xml version="1.0" encoding="UTF-8" ?>
<testsuite tests="9" failures="0" name="org.red5.io.utils.ConversionUtilsTest" time="0.008" errors="1" skipped="0">
  <properties>
[...]
</properties>
  <testcase classname="org.red5.io.utils.ConversionUtilsTest" name="testBasic" time="0"/>
  <testcase classname="org.red5.io.utils.ConversionUtilsTest" name="testNullConvertNoClass" time="0"/>
  <testcase classname="org.red5.io.utils.ConversionUtilsTest" name="testConvertListToStringArray" time="0.001"/>
  <testcase classname="org.red5.io.utils.ConversionUtilsTest" name="testConvertObjectArrayToStringArray" time="0.001"/>
  <testcase classname="org.red5.io.utils.ConversionUtilsTest" name="testConvertArrayListToSet" time="0.002">
    <error message="Unable to preform conversion from [a, b, c] to interface java.util.Set" type="org.apache.commons.beanutils.ConversionException">org.apache.commons.beanutils.ConversionException: Unable to preform conversion from [a, b, c] to interface java.util.Set
	at org.red5.io.utils.ConversionUtils.convert(ConversionUtils.java:166)
	at org.red5.io.utils.ConversionUtilsTest.testConvertArrayListToSet(ConversionUtilsTest.java:125)
	at java.base/jdk.internal.reflect.DirectMethodHandleAccessor.invoke(DirectMethodHandleAccessor.java:103)
	at java.base/java.lang.reflect.Method.invoke(Method.java:580)
	at org.junit.runners.model.FrameworkMethod$1.runReflectiveCall(FrameworkMethod.java:59)
	at org.junit.internal.runners.model.ReflectiveCallable.run(ReflectiveCallable.java:12)
	at org.junit.runners.model.FrameworkMethod.invokeExplosively(FrameworkMethod.java:56)
	at org.junit.internal.runners.statements.InvokeMethod.evaluate(InvokeMethod.java:17)
	at org.junit.runners.ParentRunner$3.evaluate(ParentRunner.java:306)
	at org.junit.runners.BlockJUnit4ClassRunner$1.evaluate(BlockJUnit4ClassRunner.java:100)
	at org.junit.runners.ParentRunner.runLeaf(ParentRunner.java:366)
	at org.junit.runners.BlockJUnit4ClassRunner.runChild(BlockJUnit4ClassRunner.java:103)
	at org.junit.runners.BlockJUnit4ClassRunner.runChild(BlockJUnit4ClassRunner.java:63)
	at org.junit.runners.ParentRunner$4.run(ParentRunner.java:331)
	at org.junit.runners.ParentRunner$1.schedule(ParentRunner.java:79)
	at org.junit.runners.ParentRunner.runChildren(ParentRunner.java:329)
	at org.junit.runners.ParentRunner.access$100(ParentRunner.java:66)
	at org.junit.runners.ParentRunner$2.evaluate(ParentRunner.java:293)
	at org.junit.runners.ParentRunner$3.evaluate(ParentRunner.java:306)
	at org.junit.runners.ParentRunner.run(ParentRunner.java:413)
	at org.apache.maven.surefire.junit4.JUnit4Provider.execute(JUnit4Provider.java:252)
	at org.apache.maven.surefire.junit4.JUnit4Provider.executeTestSet(JUnit4Provider.java:141)
	at org.apache.maven.surefire.junit4.JUnit4Provider.invoke(JUnit4Provider.java:112)
	at java.base/jdk.internal.reflect.DirectMethodHandleAccessor.invoke(DirectMethodHandleAccessor.java:103)
	at java.base/java.lang.reflect.Method.invoke(Method.java:580)
	at org.apache.maven.surefire.util.ReflectionUtils.invokeMethodWithArray(ReflectionUtils.java:189)
	at org.apache.maven.surefire.booter.ProviderFactory$ProviderProxy.invoke(ProviderFactory.java:165)
	at org.apache.maven.surefire.booter.ProviderFactory.invokeProvider(ProviderFactory.java:85)
	at org.apache.maven.surefire.booter.ForkedBooter.runSuitesInProcess(ForkedBooter.java:115)
	at org.apache.maven.surefire.booter.ForkedBooter.main(ForkedBooter.java:75)
</error>
  </testcase>
  <testcase classname="org.red5.io.utils.ConversionUtilsTest" name="testNoOppConvert" time="0.001"/>
  <testcase classname="org.red5.io.utils.ConversionUtilsTest" name="testConvertToSet" time="0.002"/>
  <testcase classname="org.red5.io.utils.ConversionUtilsTest" name="testConvertListToPrimitiveArray" time="0.001"/>
  <testcase classname="org.red5.io.utils.ConversionUtilsTest" name="testNullConvert" time="0"/>
</testsuite>