<?xml version="1.0" encoding="UTF-8" ?>
<testsuite tests="28" failures="0" name="org.red5.io.AMF3IOTest" time="0.282" errors="1" skipped="0">
  <properties>
[...]
</properties>
  <testcase classname="org.red5.io.AMF3IOTest" name="testStreamData" time="0.055"/>
  <testcase classname="org.red5.io.AMF3IOTest" name="testVectorStringInput" time="0.005"/>
  <testcase classname="org.red5.io.AMF3IOTest" name="testByteArray" time="0.008"/>
  <testcase classname="org.red5.io.AMF3IOTest" name="testEnum" time="0.005"/>
  <testcase classname="org.red5.io.AMF3IOTest" name="testVectorMixedInput" time="0.015"/>
  <testcase classname="org.red5.io.AMF3IOTest" name="testVectorUIntInput" time="0.002"/>
  <testcase classname="org.red5.io.AMF3IOTest" name="testVectorRoundTrip" time="0.008">
    <error message="class java.util.ArrayList cannot be cast to class java.util.Vector (java.util.ArrayList and java.util.Vector are in module java.base of loader &apos;bootstrap&apos;)" type="java.lang.ClassCastException">java.lang.ClassCastException: class java.util.ArrayList cannot be cast to class java.util.Vector (java.util.ArrayList and java.util.Vector are in module java.base of loader &apos;bootstrap&apos;)
	at org.red5.io.AMF3IOTest.testVectorRoundTrip(AMF3IOTest.java:205)
	at java.base/jdk.internal.reflect.DirectMethodHandleAccessor.invoke(DirectMethodHandleAccessor.java:103)
	at java.base/java.lang.reflect.Method.invoke(Method.java:580)
	at org.junit.runners.model.FrameworkMethod$1.runReflectiveCall(FrameworkMethod.java:59)
	at org.junit.internal.runners.model.ReflectiveCallable.run(ReflectiveCallable.java:12)
	at org.junit.runners.model.FrameworkMethod.invokeExplosively(FrameworkMethod.java:56)
	at org.junit.internal.runners.statements.InvokeMethod.evaluate(InvokeMethod.java:17)
	at org.junit.internal.runners.statements.RunBefores.evaluate(RunBefores.java:26)
	at org.junit.runners.ParentRunner$3.evaluate(ParentRunner.java:306)
	at org.junit.runners.BlockJUnit4ClassRunner$1.evaluate(BlockJUnit4ClassRunner.java:100)
	at org.junit.runners.ParentRunner.runLeaf(ParentRunner.java:366)
	at org.junit.runners.BlockJUnit4ClassRunner.runChild(BlockJUnit4ClassRunner.java:103)
	at org.junit.runners.BlockJUnit4ClassRunner.runChild(BlockJUnit4ClassRunner.java:63)
	at org.junit.runners.ParentRunner$4.run(ParentRunner.java:331)
	at org.junit.runners.ParentRunner$1.schedule(ParentRunner.java:79)
	at org.junit.runners.ParentRunner.runChildren(ParentRunner.java:329)
	at org.junit.runners.ParentRunner.access$100(ParentRunner.java:66)
	at org.junit.runners.ParentRunner$2.evaluate(ParentRunner.java:293)
	at org.junit.runners.ParentRunner$3.evaluate(ParentRunner.java:306)
	at org.junit.runners.ParentRunner.run(ParentRunner.java:413)
	at org.apache.maven.surefire.junit4.JUnit4Provider.execute(JUnit4Provider.java:252)
	at org.apache.maven.surefire.junit4.JUnit4Provider.executeTestSet(JUnit4Provider.java:141)
	at org.apache.maven.surefire.junit4.JUnit4Provider.invoke(JUnit4Provider.java:112)
	at java.base/jdk.internal.reflect.DirectMethodHandleAccessor.invoke(DirectMethodHandleAccessor.java:103)
	at java.base/java.lang.reflect.Method.invoke(Method.java:580)
	at org.apache.maven.surefire.util.ReflectionUtils.invokeMethodWithArray(ReflectionUtils.java:189)
	at org.apache.maven.surefire.booter.ProviderFactory$ProviderProxy.invoke(ProviderFactory.java:165)
	at org.apache.maven.surefire.booter.ProviderFactory.invokeProvider(ProviderFactory.java:85)
	at org.apache.maven.surefire.booter.ForkedBooter.runSuitesInProcess(ForkedBooter.java:115)
	at org.apache.maven.surefire.booter.ForkedBooter.main(ForkedBooter.java:75)
</error>
    <system-err>11 09 03 01 06 4F 54 68 69 73 20 69 73 20 6D 79 20 76 65 63 
74 6F 72 20 61 6E 64 20 68 65 72 20 6E 61 6D 65 20 69 73 20 
53 61 6C 6C 79

</system-err>
  </testcase>
  <testcase classname="org.red5.io.AMF3IOTest" name="testVectorNumberInput" time="0.009"/>
  <testcase classname="org.red5.io.AMF3IOTest" name="testVectorIntInput" time="0.001"/>
  <testcase classname="org.red5.io.AMF3IOTest" name="testMap" time="0.02"/>
  <testcase classname="org.red5.io.AMF3IOTest" name="testLongString" time="0.118"/>
  <testcase classname="org.red5.io.AMF3IOTest" name="testArray" time="0"/>
  <testcase classname="org.red5.io.AMF3IOTest" name="testDate" time="0"/>
  <testcase classname="org.red5.io.AMF3IOTest" name="testList" time="0"/>
  <testcase classname="org.red5.io.AMF3IOTest" name="testNull" time="0"/>
  <testcase classname="org.red5.io.AMF3IOTest" name="testBoolean" time="0"/>
  <testcase classname="org.red5.io.AMF3IOTest" name="testNumberInteger" time="0"/>
  <testcase classname="org.red5.io.AMF3IOTest" name="testNumberFloat" time="0"/>
  <testcase classname="org.red5.io.AMF3IOTest" name="testJavaBean" time="0"/>
  <testcase classname="org.red5.io.AMF3IOTest" name="testLongString1" time="0.036"/>
  <testcase classname="org.red5.io.AMF3IOTest" name="testArrayReference" time="0"/>
  <testcase classname="org.red5.io.AMF3IOTest" name="testCircularReference" time="0"/>
  <testcase classname="org.red5.io.AMF3IOTest" name="testSimpleReference" time="0"/>
  <testcase classname="org.red5.io.AMF3IOTest" name="testInteger" time="0"/>
  <testcase classname="org.red5.io.AMF3IOTest" name="testNumber" time="0"/>
  <testcase classname="org.red5.io.AMF3IOTest" name="testNumberDouble" time="0"/>
  <testcase classname="org.red5.io.AMF3IOTest" name="testNegativeInteger" time="0"/>
  <testcase classname="org.red5.io.AMF3IOTest" name="testString" time="0"/>
</testsuite>